{"level":"\u001b[34mINFO\u001b[0m","time":"2025-02-13T15:35:19.881+0300","caller":"cmd/main.go:29","message":"PostgresURI: ","uri":"postgres://postgres:yourpassword@postgres:5432/yourdbname?sslmode=disable"}
{"level":"\u001b[34mINFO\u001b[0m","time":"2025-02-13T15:35:19.896+0300","caller":"cmd/main.go:30","message":"MigrationsDir: ","dir":"../../internal/database/postgresql/migrations"}
{"level":"\u001b[34mINFO\u001b[0m","time":"2025-02-13T15:36:21.079+0300","caller":"cmd/main.go:29","message":"PostgresURI: ","uri":"postgres://postgres:yourpassword@postgres:5432/yourdbname?sslmode=disable"}
{"level":"\u001b[34mINFO\u001b[0m","time":"2025-02-13T15:36:21.096+0300","caller":"cmd/main.go:30","message":"MigrationsDir: ","dir":"../../database/postgresql/migrations"}
{"level":"\u001b[34mINFO\u001b[0m","time":"2025-02-13T15:41:24.080+0300","caller":"cmd/main.go:29","message":"PostgresURI: ","uri":"postgres://postgres:yourpassword@postgres:5432/yourdbname?sslmode=disable"}
{"level":"\u001b[34mINFO\u001b[0m","time":"2025-02-13T15:41:24.094+0300","caller":"cmd/main.go:30","message":"MigrationsDir: ","dir":"../../database/postgresql/migrations"}
{"level":"\u001b[34mINFO\u001b[0m","time":"2025-02-13T15:42:38.018+0300","caller":"cmd/main.go:29","message":"PostgresURI: ","uri":"postgres://postgres:yourpassword@postgres:5432/yourdbname?sslmode=disable"}
{"level":"\u001b[34mINFO\u001b[0m","time":"2025-02-13T15:42:38.033+0300","caller":"cmd/main.go:30","message":"MigrationsDir: ","dir":"miniappBack/database/postgresql/migrations"}
{"level":"\u001b[34mINFO\u001b[0m","time":"2025-02-13T15:43:31.659+0300","caller":"cmd/main.go:29","message":"PostgresURI: ","uri":"postgres://postgres:yourpassword@postgres:5432/yourdbname?sslmode=disable"}
{"level":"\u001b[34mINFO\u001b[0m","time":"2025-02-13T15:43:31.674+0300","caller":"cmd/main.go:30","message":"MigrationsDir: ","dir":"miniappBack/database/postgresql/migrations"}
{"level":"\u001b[34mINFO\u001b[0m","time":"2025-02-13T15:45:41.469+0300","caller":"cmd/main.go:29","message":"PostgresURI: ","uri":"postgres://postgres:yourpassword@postgres:5432/yourdbname?sslmode=disable"}
{"level":"\u001b[34mINFO\u001b[0m","time":"2025-02-13T15:45:41.485+0300","caller":"cmd/main.go:30","message":"MigrationsDir: ","dir":"miniappBack/database/postgresql/migrations"}
{"level":"\u001b[34mINFO\u001b[0m","time":"2025-02-13T15:46:31.328+0300","caller":"cmd/main.go:29","message":"PostgresURI: ","uri":"postgres://postgres:yourpassword@postgres:5432/yourdbname?sslmode=disable"}
{"level":"\u001b[34mINFO\u001b[0m","time":"2025-02-13T15:46:31.344+0300","caller":"cmd/main.go:30","message":"MigrationsDir: ","dir":"../../miniappBack/database/postgresql/migrations"}
{"level":"\u001b[34mINFO\u001b[0m","time":"2025-02-13T15:48:25.917+0300","caller":"cmd/main.go:29","message":"PostgresURI: ","uri":"postgres://postgres:yourpassword@localhost:5432/yourdbname?sslmode=disable"}
{"level":"\u001b[34mINFO\u001b[0m","time":"2025-02-13T15:48:25.931+0300","caller":"cmd/main.go:30","message":"MigrationsDir: ","dir":"../../miniappBack/database/postgresql/migrations"}
{"level":"\u001b[34mINFO\u001b[0m","time":"2025-02-13T15:49:05.458+0300","caller":"cmd/main.go:29","message":"PostgresURI: ","uri":"postgres://yourusername:yourpassword@localhost:5432/yourdbname?sslmode=disable"}
{"level":"\u001b[34mINFO\u001b[0m","time":"2025-02-13T15:49:05.472+0300","caller":"cmd/main.go:30","message":"MigrationsDir: ","dir":"../../miniappBack/database/postgresql/migrations"}
{"level":"\u001b[34mINFO\u001b[0m","time":"2025-02-13T15:49:08.557+0300","caller":"postgresql/migrator.go:23","message":"migrations: 1/u db_schema (18.597ms)\n"}
{"level":"\u001b[34mINFO\u001b[0m","time":"2025-02-13T15:49:08.567+0300","caller":"cmd/main.go:56","message":"Database manage was process successfully"}
{"level":"\u001b[34mINFO\u001b[0m","time":"2025-02-21T15:44:52.240+0300","caller":"cmd/main.go:38","message":"PostgresURI: ","uri":"postgres://yourusername:yourpassword@localhost:5432/yourdbname?sslmode=disable"}
{"level":"\u001b[34mINFO\u001b[0m","time":"2025-02-21T15:44:52.259+0300","caller":"cmd/main.go:39","message":"MigrationsDir: ","dir":"../../miniappBack/database/postgresql/migrations"}
{"level":"\u001b[34mINFO\u001b[0m","time":"2025-02-21T15:44:55.328+0300","caller":"postgresql/migrator.go:23","message":"migrations: 1/u <empty> (5.8902ms)\n"}
{"level":"\u001b[34mINFO\u001b[0m","time":"2025-02-21T15:44:55.338+0300","caller":"postgresql/migrator.go:23","message":"migrations: 2/u db_schema (15.659ms)\n"}
{"level":"\u001b[34mINFO\u001b[0m","time":"2025-02-21T15:44:55.345+0300","caller":"cmd/main.go:65","message":"Database manage was process successfully"}
