{"level":"\u001b[34mINFO\u001b[0m","time":"2025-02-27T20:02:02.070+0300","caller":"mini-app/main.go:40","message":"PostgresURI: ","uri":"postgres://pasha:pasha@localhost:5449/mini_app_db?sslmode=disable"}
{"level":"\u001b[34mINFO\u001b[0m","time":"2025-02-27T20:02:02.086+0300","caller":"mini-app/main.go:41","message":"MigrationsDir: ","dir":"../../miniappBack/database/postgresql/migrations"}
{"level":"\u001b[34mINFO\u001b[0m","time":"2025-02-27T20:03:07.310+0300","caller":"mini-app/main.go:40","message":"PostgresURI: ","uri":"postgres://pasha:pasha@localhost:5449/mini_app_db?sslmode=disable"}
{"level":"\u001b[34mINFO\u001b[0m","time":"2025-02-27T20:03:07.326+0300","caller":"mini-app/main.go:41","message":"MigrationsDir: ","dir":"../../miniappBack/database/postgresql/migrations"}
{"level":"\u001b[34mINFO\u001b[0m","time":"2025-02-27T20:03:39.051+0300","caller":"mini-app/main.go:40","message":"PostgresURI: ","uri":"postgres://pasha:pasha@localhost:5449/mini_app_db?sslmode=disable"}
{"level":"\u001b[34mINFO\u001b[0m","time":"2025-02-27T20:03:39.067+0300","caller":"mini-app/main.go:41","message":"MigrationsDir: ","dir":"../miniappBack/database/postgresql/migrations"}
{"level":"\u001b[34mINFO\u001b[0m","time":"2025-02-27T20:04:32.177+0300","caller":"mini-app/main.go:40","message":"PostgresURI: ","uri":"postgres://pasha:pasha@localhost:5449/mini_app_db?sslmode=disable"}
{"level":"\u001b[34mINFO\u001b[0m","time":"2025-02-27T20:04:32.195+0300","caller":"mini-app/main.go:41","message":"MigrationsDir: ","dir":"../../database/postgresql/migrations"}
{"level":"\u001b[34mINFO\u001b[0m","time":"2025-02-27T20:04:35.293+0300","caller":"postgresql/migrator.go:23","message":"migrations: 1/u <empty> (9.8613ms)\n"}
{"level":"\u001b[34mINFO\u001b[0m","time":"2025-02-27T20:04:35.316+0300","caller":"postgresql/migrator.go:23","message":"migrations: 3/u db_schema (31.317ms)\n"}
{"level":"\u001b[34mINFO\u001b[0m","time":"2025-02-27T20:04:35.328+0300","caller":"mini-app/main.go:67","message":"Database manage was process successfully"}
{"level":"\u001b[31mERROR\u001b[0m","time":"2025-02-27T20:04:35.328+0300","caller":"handler/handler.go:31","message":"server http handler request","stacktrace":"github.com/pskoob/miniappBack/internal/handler.New\n\tc:/Users/Максим/Downloads/Strangerthings/mini-app/miniappBack/internal/handler/handler.go:31\nmain.main\n\tc:/Users/Максим/Downloads/Strangerthings/mini-app/miniappBack/cmd/mini-app/main.go:69\nruntime.main\n\tC:/Users/Максим/go/pkg/mod/golang.org/toolchain@v0.0.1-go1.23.2.windows-amd64/src/runtime/proc.go:272"}
{"level":"\u001b[34mINFO\u001b[0m","time":"2025-02-27T20:24:59.321+0300","caller":"mini-app/main.go:40","message":"PostgresURI: ","uri":"postgres://pasha:pasha@localhost:5449/mini_app_db?sslmode=disable"}
{"level":"\u001b[34mINFO\u001b[0m","time":"2025-02-27T20:24:59.339+0300","caller":"mini-app/main.go:41","message":"MigrationsDir: ","dir":"../../database/postgresql/migrations"}
{"level":"\u001b[34mINFO\u001b[0m","time":"2025-02-27T20:25:02.442+0300","caller":"postgresql/migrator.go:23","message":"migrations: 4/u db_schema (47.3727ms)\n"}
{"level":"\u001b[34mINFO\u001b[0m","time":"2025-02-27T20:25:02.456+0300","caller":"mini-app/main.go:67","message":"Database manage was process successfully"}
{"level":"\u001b[31mERROR\u001b[0m","time":"2025-02-27T20:25:02.471+0300","caller":"handler/handler.go:33","message":"server http handler request","stacktrace":"github.com/pskoob/miniappBack/internal/api/server/restapi/handler.New\n\tc:/Users/Максим/Downloads/Strangerthings/mini-app/miniappBack/internal/api/server/restapi/handler/handler.go:33\nmain.main\n\tc:/Users/Максим/Downloads/Strangerthings/mini-app/miniappBack/cmd/mini-app/main.go:69\nruntime.main\n\tC:/Users/Максим/go/pkg/mod/golang.org/toolchain@v0.0.1-go1.23.2.windows-amd64/src/runtime/proc.go:272"}
{"level":"\u001b[34mINFO\u001b[0m","time":"2025-02-28T16:00:42.737+0300","caller":"mini-app/main.go:45","message":"PostgresURI: ","uri":"postgres://pasha:pasha@localhost:5449/mini_app_db?sslmode=disable"}
{"level":"\u001b[34mINFO\u001b[0m","time":"2025-02-28T16:00:42.755+0300","caller":"mini-app/main.go:46","message":"MigrationsDir: ","dir":"../../database/postgresql/migrations"}
{"level":"\u001b[34mINFO\u001b[0m","time":"2025-02-28T16:00:45.824+0300","caller":"mini-app/main.go:72","message":"Database manage was process successfully"}
{"level":"\u001b[31mERROR\u001b[0m","time":"2025-02-28T16:00:45.982+0300","caller":"handler/handler.go:40","message":"server http handler request","stacktrace":"github.com/pskoob/miniappBack/internal/api/server/restapi/handler.New\n\tc:/Users/Максим/Downloads/Strangerthings/mini-app/miniappBack/internal/api/server/restapi/handler/handler.go:40\nmain.main\n\tc:/Users/Максим/Downloads/Strangerthings/mini-app/miniappBack/cmd/mini-app/main.go:82\nruntime.main\n\tC:/Users/Максим/go/pkg/mod/golang.org/toolchain@v0.0.1-go1.23.2.windows-amd64/src/runtime/proc.go:272"}
{"level":"\u001b[34mINFO\u001b[0m","time":"2025-02-28T16:02:42.430+0300","caller":"mini-app/main.go:45","message":"PostgresURI: ","uri":"postgres://pasha:pasha@localhost:5449/mini_app_db?sslmode=disable"}
{"level":"\u001b[34mINFO\u001b[0m","time":"2025-02-28T16:02:42.448+0300","caller":"mini-app/main.go:46","message":"MigrationsDir: ","dir":"../../database/postgresql/migrations"}
{"level":"\u001b[34mINFO\u001b[0m","time":"2025-02-28T16:02:45.489+0300","caller":"mini-app/main.go:72","message":"Database manage was process successfully"}
{"level":"\u001b[34mINFO\u001b[0m","time":"2025-02-28T16:02:45.634+0300","caller":"bot/bot.go:23","message":"bot was inizializated"}
{"level":"\u001b[31mERROR\u001b[0m","time":"2025-02-28T16:02:45.645+0300","caller":"handler/handler.go:40","message":"server http handler request","stacktrace":"github.com/pskoob/miniappBack/internal/api/server/restapi/handler.New\n\tc:/Users/Максим/Downloads/Strangerthings/mini-app/miniappBack/internal/api/server/restapi/handler/handler.go:40\nmain.main\n\tc:/Users/Максим/Downloads/Strangerthings/mini-app/miniappBack/cmd/mini-app/main.go:82\nruntime.main\n\tC:/Users/Максим/go/pkg/mod/golang.org/toolchain@v0.0.1-go1.23.2.windows-amd64/src/runtime/proc.go:272"}
{"level":"\u001b[34mINFO\u001b[0m","time":"2025-02-28T16:04:24.960+0300","caller":"mini-app/main.go:45","message":"PostgresURI: ","uri":"postgres://pasha:pasha@localhost:5449/mini_app_db?sslmode=disable"}
{"level":"\u001b[34mINFO\u001b[0m","time":"2025-02-28T16:04:24.995+0300","caller":"mini-app/main.go:46","message":"MigrationsDir: ","dir":"../../database/postgresql/migrations"}
{"level":"\u001b[34mINFO\u001b[0m","time":"2025-02-28T16:04:28.039+0300","caller":"mini-app/main.go:72","message":"Database manage was process successfully"}
{"level":"\u001b[34mINFO\u001b[0m","time":"2025-02-28T16:04:28.188+0300","caller":"bot/bot.go:23","message":"bot was inizializated"}
{"level":"\u001b[34mINFO\u001b[0m","time":"2025-02-28T16:04:28.188+0300","caller":"bot/bot.go:35","message":"Start listening for tg messages"}
{"level":"\u001b[31mERROR\u001b[0m","time":"2025-02-28T16:04:28.202+0300","caller":"handler/handler.go:40","message":"server http handler request","stacktrace":"github.com/pskoob/miniappBack/internal/api/server/restapi/handler.New\n\tc:/Users/Максим/Downloads/Strangerthings/mini-app/miniappBack/internal/api/server/restapi/handler/handler.go:40\nmain.main\n\tc:/Users/Максим/Downloads/Strangerthings/mini-app/miniappBack/cmd/mini-app/main.go:85\nruntime.main\n\tC:/Users/Максим/go/pkg/mod/golang.org/toolchain@v0.0.1-go1.23.2.windows-amd64/src/runtime/proc.go:272"}
{"level":"\u001b[34mINFO\u001b[0m","time":"2025-02-28T16:05:14.186+0300","caller":"mini-app/main.go:45","message":"PostgresURI: ","uri":"postgres://pasha:pasha@localhost:5449/mini_app_db?sslmode=disable"}
{"level":"\u001b[34mINFO\u001b[0m","time":"2025-02-28T16:05:14.209+0300","caller":"mini-app/main.go:46","message":"MigrationsDir: ","dir":"../../database/postgresql/migrations"}
{"level":"\u001b[34mINFO\u001b[0m","time":"2025-02-28T16:05:17.252+0300","caller":"mini-app/main.go:72","message":"Database manage was process successfully"}
{"level":"\u001b[34mINFO\u001b[0m","time":"2025-02-28T16:05:17.386+0300","caller":"bot/bot.go:23","message":"bot was inizializated"}
{"level":"\u001b[34mINFO\u001b[0m","time":"2025-02-28T16:05:17.386+0300","caller":"bot/bot.go:35","message":"Start listening for tg messages"}
{"level":"\u001b[31mERROR\u001b[0m","time":"2025-02-28T16:05:17.400+0300","caller":"handler/handler.go:40","message":"server http handler request","stacktrace":"github.com/pskoob/miniappBack/internal/api/server/restapi/handler.New\n\tc:/Users/Максим/Downloads/Strangerthings/mini-app/miniappBack/internal/api/server/restapi/handler/handler.go:40\nmain.main\n\tc:/Users/Максим/Downloads/Strangerthings/mini-app/miniappBack/cmd/mini-app/main.go:83\nruntime.main\n\tC:/Users/Максим/go/pkg/mod/golang.org/toolchain@v0.0.1-go1.23.2.windows-amd64/src/runtime/proc.go:272"}
{"level":"\u001b[34mINFO\u001b[0m","time":"2025-02-28T16:05:48.749+0300","caller":"mini-app/main.go:45","message":"PostgresURI: ","uri":"postgres://pasha:pasha@localhost:5449/mini_app_db?sslmode=disable"}
{"level":"\u001b[34mINFO\u001b[0m","time":"2025-02-28T16:05:48.768+0300","caller":"mini-app/main.go:46","message":"MigrationsDir: ","dir":"../../database/postgresql/migrations"}
{"level":"\u001b[34mINFO\u001b[0m","time":"2025-02-28T16:05:51.810+0300","caller":"mini-app/main.go:72","message":"Database manage was process successfully"}
{"level":"\u001b[34mINFO\u001b[0m","time":"2025-02-28T16:05:51.958+0300","caller":"bot/bot.go:23","message":"bot was inizializated8071867487:AAH1c8_uLZOXqLUgAJ9orKGQRtjc04y3Okk"}
{"level":"\u001b[34mINFO\u001b[0m","time":"2025-02-28T16:05:51.958+0300","caller":"bot/bot.go:35","message":"Start listening for tg messages"}
{"level":"\u001b[31mERROR\u001b[0m","time":"2025-02-28T16:05:51.970+0300","caller":"handler/handler.go:40","message":"server http handler request","stacktrace":"github.com/pskoob/miniappBack/internal/api/server/restapi/handler.New\n\tc:/Users/Максим/Downloads/Strangerthings/mini-app/miniappBack/internal/api/server/restapi/handler/handler.go:40\nmain.main\n\tc:/Users/Максим/Downloads/Strangerthings/mini-app/miniappBack/cmd/mini-app/main.go:83\nruntime.main\n\tC:/Users/Максим/go/pkg/mod/golang.org/toolchain@v0.0.1-go1.23.2.windows-amd64/src/runtime/proc.go:272"}
{"level":"\u001b[34mINFO\u001b[0m","time":"2025-02-28T16:06:41.678+0300","caller":"mini-app/main.go:45","message":"PostgresURI: ","uri":"postgres://pasha:pasha@localhost:5449/mini_app_db?sslmode=disable"}
{"level":"\u001b[34mINFO\u001b[0m","time":"2025-02-28T16:06:41.694+0300","caller":"mini-app/main.go:46","message":"MigrationsDir: ","dir":"../../database/postgresql/migrations"}
{"level":"\u001b[34mINFO\u001b[0m","time":"2025-02-28T16:06:44.734+0300","caller":"mini-app/main.go:72","message":"Database manage was process successfully"}
{"level":"\u001b[34mINFO\u001b[0m","time":"2025-02-28T16:06:44.865+0300","caller":"bot/bot.go:23","message":"bot was inizializated with api key 8071867487:AAH1c8_uLZOXqLUgAJ9orKGQRtjc04y3Okk"}
{"level":"\u001b[34mINFO\u001b[0m","time":"2025-02-28T16:06:44.865+0300","caller":"bot/bot.go:35","message":"Start listening for tg messages"}
{"level":"\u001b[31mERROR\u001b[0m","time":"2025-02-28T16:06:44.876+0300","caller":"handler/handler.go:40","message":"server http handler request","stacktrace":"github.com/pskoob/miniappBack/internal/api/server/restapi/handler.New\n\tc:/Users/Максим/Downloads/Strangerthings/mini-app/miniappBack/internal/api/server/restapi/handler/handler.go:40\nmain.main\n\tc:/Users/Максим/Downloads/Strangerthings/mini-app/miniappBack/cmd/mini-app/main.go:83\nruntime.main\n\tC:/Users/Максим/go/pkg/mod/golang.org/toolchain@v0.0.1-go1.23.2.windows-amd64/src/runtime/proc.go:272"}
{"level":"\u001b[34mINFO\u001b[0m","time":"2025-02-28T16:07:44.097+0300","caller":"mini-app/main.go:45","message":"PostgresURI: ","uri":"postgres://pasha:pasha@localhost:5449/mini_app_db?sslmode=disable"}
{"level":"\u001b[34mINFO\u001b[0m","time":"2025-02-28T16:07:44.113+0300","caller":"mini-app/main.go:46","message":"MigrationsDir: ","dir":"../../database/postgresql/migrations"}
{"level":"\u001b[34mINFO\u001b[0m","time":"2025-02-28T16:07:47.154+0300","caller":"mini-app/main.go:72","message":"Database manage was process successfully"}
{"level":"\u001b[34mINFO\u001b[0m","time":"2025-02-28T16:07:47.303+0300","caller":"bot/bot.go:23","message":"bot was inizializated with api key 8071867487:AAH1c8_uLZOXqLUgAJ9orKGQRtjc04y3Okk"}
{"level":"\u001b[34mINFO\u001b[0m","time":"2025-02-28T16:07:47.303+0300","caller":"bot/bot.go:35","message":"Start listening for tg messages"}
{"level":"\u001b[31mERROR\u001b[0m","time":"2025-02-28T16:07:47.314+0300","caller":"handler/handler.go:40","message":"server http handler request","stacktrace":"github.com/pskoob/miniappBack/internal/api/server/restapi/handler.New\n\tc:/Users/Максим/Downloads/Strangerthings/mini-app/miniappBack/internal/api/server/restapi/handler/handler.go:40\nmain.main\n\tc:/Users/Максим/Downloads/Strangerthings/mini-app/miniappBack/cmd/mini-app/main.go:83\nruntime.main\n\tC:/Users/Максим/go/pkg/mod/golang.org/toolchain@v0.0.1-go1.23.2.windows-amd64/src/runtime/proc.go:272"}
{"level":"\u001b[31mERROR\u001b[0m","time":"2025-02-28T16:07:59.534+0300","caller":"bot/bot.go:61","message":"error create user","error":"pq: null value in column \"auto_clicker\" of relation \"users\" violates not-null constraint","stacktrace":"github.com/pskoob/miniappBack/bot.(*Bot).ProcessMessage\n\tc:/Users/Максим/Downloads/Strangerthings/mini-app/miniappBack/bot/bot.go:61\ngithub.com/pskoob/miniappBack/bot.(*Bot).ListenUpdates\n\tc:/Users/Максим/Downloads/Strangerthings/mini-app/miniappBack/bot/bot.go:38"}
{"level":"\u001b[34mINFO\u001b[0m","time":"2025-02-28T16:11:06.209+0300","caller":"mini-app/main.go:45","message":"PostgresURI: ","uri":"postgres://pasha:pasha@localhost:5449/mini_app_db?sslmode=disable"}
{"level":"\u001b[34mINFO\u001b[0m","time":"2025-02-28T16:11:06.226+0300","caller":"mini-app/main.go:46","message":"MigrationsDir: ","dir":"../../database/postgresql/migrations"}
{"level":"\u001b[34mINFO\u001b[0m","time":"2025-02-28T16:11:09.277+0300","caller":"postgresql/migrator.go:23","message":"migrations: 4/u <empty> (14.556ms)\n"}
{"level":"\u001b[34mINFO\u001b[0m","time":"2025-02-28T16:11:09.307+0300","caller":"postgresql/migrator.go:23","message":"migrations: 5/u db_schema (42.8606ms)\n"}
{"level":"\u001b[34mINFO\u001b[0m","time":"2025-02-28T16:11:09.320+0300","caller":"mini-app/main.go:72","message":"Database manage was process successfully"}
{"level":"\u001b[34mINFO\u001b[0m","time":"2025-02-28T16:11:09.460+0300","caller":"bot/bot.go:23","message":"bot was inizializated with api key 8071867487:AAH1c8_uLZOXqLUgAJ9orKGQRtjc04y3Okk"}
{"level":"\u001b[34mINFO\u001b[0m","time":"2025-02-28T16:11:09.460+0300","caller":"bot/bot.go:35","message":"Start listening for tg messages"}
{"level":"\u001b[31mERROR\u001b[0m","time":"2025-02-28T16:11:09.471+0300","caller":"handler/handler.go:40","message":"server http handler request","stacktrace":"github.com/pskoob/miniappBack/internal/api/server/restapi/handler.New\n\tc:/Users/Максим/Downloads/Strangerthings/mini-app/miniappBack/internal/api/server/restapi/handler/handler.go:40\nmain.main\n\tc:/Users/Максим/Downloads/Strangerthings/mini-app/miniappBack/cmd/mini-app/main.go:83\nruntime.main\n\tC:/Users/Максим/go/pkg/mod/golang.org/toolchain@v0.0.1-go1.23.2.windows-amd64/src/runtime/proc.go:272"}
{"level":"\u001b[31mERROR\u001b[0m","time":"2025-02-28T16:11:16.604+0300","caller":"bot/bot.go:61","message":"error create user","error":"pq: null value in column \"auto_clicker\" of relation \"users\" violates not-null constraint","stacktrace":"github.com/pskoob/miniappBack/bot.(*Bot).ProcessMessage\n\tc:/Users/Максим/Downloads/Strangerthings/mini-app/miniappBack/bot/bot.go:61\ngithub.com/pskoob/miniappBack/bot.(*Bot).ListenUpdates\n\tc:/Users/Максим/Downloads/Strangerthings/mini-app/miniappBack/bot/bot.go:38"}
{"level":"\u001b[34mINFO\u001b[0m","time":"2025-02-28T16:18:24.840+0300","caller":"mini-app/main.go:45","message":"PostgresURI: ","uri":"postgres://pasha:pasha@localhost:5449/mini_app_db?sslmode=disable"}
{"level":"\u001b[34mINFO\u001b[0m","time":"2025-02-28T16:18:24.857+0300","caller":"mini-app/main.go:46","message":"MigrationsDir: ","dir":"../../database/postgresql/migrations"}
{"level":"\u001b[34mINFO\u001b[0m","time":"2025-02-28T16:18:27.917+0300","caller":"postgresql/migrator.go:23","message":"migrations: 4/u <empty> (17.5376ms)\n"}
{"level":"\u001b[34mINFO\u001b[0m","time":"2025-02-28T16:18:27.949+0300","caller":"postgresql/migrator.go:23","message":"migrations: 6/u db_schema (49.0021ms)\n"}
{"level":"\u001b[34mINFO\u001b[0m","time":"2025-02-28T16:18:27.961+0300","caller":"mini-app/main.go:72","message":"Database manage was process successfully"}
{"level":"\u001b[34mINFO\u001b[0m","time":"2025-02-28T16:18:28.113+0300","caller":"bot/bot.go:23","message":"bot was inizializated with api key 8071867487:AAH1c8_uLZOXqLUgAJ9orKGQRtjc04y3Okk"}
{"level":"\u001b[34mINFO\u001b[0m","time":"2025-02-28T16:18:28.113+0300","caller":"bot/bot.go:35","message":"Start listening for tg messages"}
{"level":"\u001b[31mERROR\u001b[0m","time":"2025-02-28T16:18:28.124+0300","caller":"handler/handler.go:40","message":"server http handler request","stacktrace":"github.com/pskoob/miniappBack/internal/api/server/restapi/handler.New\n\tc:/Users/Максим/Downloads/Strangerthings/mini-app/miniappBack/internal/api/server/restapi/handler/handler.go:40\nmain.main\n\tc:/Users/Максим/Downloads/Strangerthings/mini-app/miniappBack/cmd/mini-app/main.go:83\nruntime.main\n\tC:/Users/Максим/go/pkg/mod/golang.org/toolchain@v0.0.1-go1.23.2.windows-amd64/src/runtime/proc.go:272"}
{"level":"\u001b[34mINFO\u001b[0m","time":"2025-02-28T16:20:58.406+0300","caller":"mini-app/main.go:45","message":"PostgresURI: ","uri":"postgres://pasha:pasha@localhost:5449/mini_app_db?sslmode=disable"}
{"level":"\u001b[34mINFO\u001b[0m","time":"2025-02-28T16:20:58.423+0300","caller":"mini-app/main.go:46","message":"MigrationsDir: ","dir":"../../database/postgresql/migrations"}
{"level":"\u001b[34mINFO\u001b[0m","time":"2025-02-28T16:21:01.500+0300","caller":"postgresql/migrator.go:23","message":"migrations: 7/u db_schema (31.7948ms)\n"}
{"level":"\u001b[34mINFO\u001b[0m","time":"2025-02-28T16:21:01.514+0300","caller":"mini-app/main.go:72","message":"Database manage was process successfully"}
{"level":"\u001b[34mINFO\u001b[0m","time":"2025-02-28T16:21:01.672+0300","caller":"bot/bot.go:23","message":"bot was inizializated with api key 8071867487:AAH1c8_uLZOXqLUgAJ9orKGQRtjc04y3Okk"}
{"level":"\u001b[34mINFO\u001b[0m","time":"2025-02-28T16:21:01.672+0300","caller":"bot/bot.go:35","message":"Start listening for tg messages"}
{"level":"\u001b[31mERROR\u001b[0m","time":"2025-02-28T16:21:01.687+0300","caller":"handler/handler.go:40","message":"server http handler request","stacktrace":"github.com/pskoob/miniappBack/internal/api/server/restapi/handler.New\n\tc:/Users/Максим/Downloads/Strangerthings/mini-app/miniappBack/internal/api/server/restapi/handler/handler.go:40\nmain.main\n\tc:/Users/Максим/Downloads/Strangerthings/mini-app/miniappBack/cmd/mini-app/main.go:83\nruntime.main\n\tC:/Users/Максим/go/pkg/mod/golang.org/toolchain@v0.0.1-go1.23.2.windows-amd64/src/runtime/proc.go:272"}
{"level":"\u001b[34mINFO\u001b[0m","time":"2025-02-28T16:34:19.631+0300","caller":"mini-app/main.go:45","message":"PostgresURI: ","uri":"postgres://pasha:pasha@localhost:5449/mini_app_db?sslmode=disable"}
{"level":"\u001b[34mINFO\u001b[0m","time":"2025-02-28T16:34:19.648+0300","caller":"mini-app/main.go:46","message":"MigrationsDir: ","dir":"../../database/postgresql/migrations"}
{"level":"\u001b[34mINFO\u001b[0m","time":"2025-02-28T16:34:22.695+0300","caller":"mini-app/main.go:72","message":"Database manage was process successfully"}
{"level":"\u001b[34mINFO\u001b[0m","time":"2025-02-28T16:34:22.842+0300","caller":"bot/bot.go:23","message":"bot was inizializated with api key 8071867487:AAH1c8_uLZOXqLUgAJ9orKGQRtjc04y3Okk"}
{"level":"\u001b[34mINFO\u001b[0m","time":"2025-02-28T16:34:22.843+0300","caller":"bot/bot.go:35","message":"Start listening for tg messages"}
{"level":"\u001b[31mERROR\u001b[0m","time":"2025-02-28T16:34:22.855+0300","caller":"handler/handler.go:40","message":"server http handler request","stacktrace":"github.com/pskoob/miniappBack/internal/api/server/restapi/handler.New\n\tc:/Users/Максим/Downloads/Strangerthings/mini-app/miniappBack/internal/api/server/restapi/handler/handler.go:40\nmain.main\n\tc:/Users/Максим/Downloads/Strangerthings/mini-app/miniappBack/cmd/mini-app/main.go:83\nruntime.main\n\tC:/Users/Максим/go/pkg/mod/golang.org/toolchain@v0.0.1-go1.23.2.windows-amd64/src/runtime/proc.go:272"}
{"level":"\u001b[34mINFO\u001b[0m","time":"2025-02-28T16:34:24.646+0300","caller":"handler/handler.go:51","message":"Received HTTP request","method":"GET","path":"/docs"}
{"level":"\u001b[34mINFO\u001b[0m","time":"2025-02-28T16:34:24.646+0300","caller":"handler/handler.go:59","message":"h.router is not nil, processing request"}
{"level":"\u001b[34mINFO\u001b[0m","time":"2025-02-28T16:34:25.137+0300","caller":"handler/handler.go:51","message":"Received HTTP request","method":"GET","path":"/swagger.json"}
{"level":"\u001b[34mINFO\u001b[0m","time":"2025-02-28T16:34:25.137+0300","caller":"handler/handler.go:59","message":"h.router is not nil, processing request"}
{"level":"\u001b[34mINFO\u001b[0m","time":"2025-02-28T16:34:38.881+0300","caller":"handler/handler.go:51","message":"Received HTTP request","method":"GET","path":"/get_user_progress/628225666"}
{"level":"\u001b[34mINFO\u001b[0m","time":"2025-02-28T16:34:38.881+0300","caller":"handler/handler.go:59","message":"h.router is not nil, processing request"}
{"level":"\u001b[34mINFO\u001b[0m","time":"2025-02-28T16:35:45.631+0300","caller":"mini-app/main.go:45","message":"PostgresURI: ","uri":"postgres://pasha:pasha@localhost:5449/mini_app_db?sslmode=disable"}
{"level":"\u001b[34mINFO\u001b[0m","time":"2025-02-28T16:35:45.647+0300","caller":"mini-app/main.go:46","message":"MigrationsDir: ","dir":"../../database/postgresql/migrations"}
{"level":"\u001b[34mINFO\u001b[0m","time":"2025-02-28T16:35:48.692+0300","caller":"mini-app/main.go:72","message":"Database manage was process successfully"}
{"level":"\u001b[34mINFO\u001b[0m","time":"2025-02-28T16:35:48.830+0300","caller":"bot/bot.go:23","message":"bot was inizializated with api key 8071867487:AAH1c8_uLZOXqLUgAJ9orKGQRtjc04y3Okk"}
{"level":"\u001b[34mINFO\u001b[0m","time":"2025-02-28T16:35:48.830+0300","caller":"bot/bot.go:35","message":"Start listening for tg messages"}
{"level":"\u001b[31mERROR\u001b[0m","time":"2025-02-28T16:35:48.842+0300","caller":"handler/handler.go:40","message":"server http handler request","stacktrace":"github.com/pskoob/miniappBack/internal/api/server/restapi/handler.New\n\tc:/Users/Максим/Downloads/Strangerthings/mini-app/miniappBack/internal/api/server/restapi/handler/handler.go:40\nmain.main\n\tc:/Users/Максим/Downloads/Strangerthings/mini-app/miniappBack/cmd/mini-app/main.go:83\nruntime.main\n\tC:/Users/Максим/go/pkg/mod/golang.org/toolchain@v0.0.1-go1.23.2.windows-amd64/src/runtime/proc.go:272"}
{"level":"\u001b[34mINFO\u001b[0m","time":"2025-02-28T16:35:51.957+0300","caller":"handler/handler.go:55","message":"Received HTTP request","method":"GET","path":"/get_user_progress/628225666"}
{"level":"\u001b[34mINFO\u001b[0m","time":"2025-02-28T16:35:51.957+0300","caller":"handler/handler.go:63","message":"h.router is not nil, processing request"}
{"level":"\u001b[34mINFO\u001b[0m","time":"2025-02-28T16:35:51.957+0300","caller":"handler/save_progress.go:27","message":"get user progress request"}
{"level":"\u001b[31mERROR\u001b[0m","time":"2025-02-28T16:35:51.960+0300","caller":"handler/save_progress.go:33","message":"error get user by tg id","error":"pq: syntax error at or near \".\"","stacktrace":"github.com/pskoob/miniappBack/internal/api/server/restapi/handler.(*Handler).GetUserProgressHandler\n\tc:/Users/Максим/Downloads/Strangerthings/mini-app/miniappBack/internal/api/server/restapi/handler/save_progress.go:33\ngithub.com/pskoob/miniappBack/internal/api/server/restapi/api.GetUserProgressHandlerFunc.Handle\n\tc:/Users/Максим/Downloads/Strangerthings/mini-app/miniappBack/internal/api/server/restapi/api/get_user_progress.go:19\ngithub.com/pskoob/miniappBack/internal/api/server/restapi/api.(*GetUserProgress).ServeHTTP\n\tc:/Users/Максим/Downloads/Strangerthings/mini-app/miniappBack/internal/api/server/restapi/api/get_user_progress.go:53\ngithub.com/go-openapi/runtime/middleware.NewOperationExecutor.func1\n\tc:/Users/Максим/Downloads/Strangerthings/mini-app/miniappBack/vendor/github.com/go-openapi/runtime/middleware/operation.go:28\nnet/http.HandlerFunc.ServeHTTP\n\tC:/Users/Максим/go/pkg/mod/golang.org/toolchain@v0.0.1-go1.23.2.windows-amd64/src/net/http/server.go:2220\ngithub.com/go-openapi/runtime/middleware.NewRouter.func1\n\tc:/Users/Максим/Downloads/Strangerthings/mini-app/miniappBack/vendor/github.com/go-openapi/runtime/middleware/router.go:80\nnet/http.HandlerFunc.ServeHTTP\n\tC:/Users/Максим/go/pkg/mod/golang.org/toolchain@v0.0.1-go1.23.2.windows-amd64/src/net/http/server.go:2220\ngithub.com/go-openapi/runtime/middleware.serveUI.func1\n\tc:/Users/Максим/Downloads/Strangerthings/mini-app/miniappBack/vendor/github.com/go-openapi/runtime/middleware/ui_options.go:164\nnet/http.HandlerFunc.ServeHTTP\n\tC:/Users/Максим/go/pkg/mod/golang.org/toolchain@v0.0.1-go1.23.2.windows-amd64/src/net/http/server.go:2220\ngithub.com/go-openapi/runtime/middleware.Spec.func1\n\tc:/Users/Максим/Downloads/Strangerthings/mini-app/miniappBack/vendor/github.com/go-openapi/runtime/middleware/spec.go:72\nnet/http.HandlerFunc.ServeHTTP\n\tC:/Users/Максим/go/pkg/mod/golang.org/toolchain@v0.0.1-go1.23.2.windows-amd64/src/net/http/server.go:2220\ngithub.com/pskoob/miniappBack/internal/api/server/restapi/handler.(*Handler).ServeHTTP\n\tc:/Users/Максим/Downloads/Strangerthings/mini-app/miniappBack/internal/api/server/restapi/handler/handler.go:64\ngithub.com/pskoob/miniappBack/internal/api/server/restapi/handler.(*Handler).WsMiddleware.func1\n\tc:/Users/Максим/Downloads/Strangerthings/mini-app/miniappBack/internal/api/server/restapi/handler/server.go:15\nnet/http.HandlerFunc.ServeHTTP\n\tC:/Users/Максим/go/pkg/mod/golang.org/toolchain@v0.0.1-go1.23.2.windows-amd64/src/net/http/server.go:2220\nnet/http.serverHandler.ServeHTTP\n\tC:/Users/Максим/go/pkg/mod/golang.org/toolchain@v0.0.1-go1.23.2.windows-amd64/src/net/http/server.go:3210\nnet/http.(*conn).serve\n\tC:/Users/Максим/go/pkg/mod/golang.org/toolchain@v0.0.1-go1.23.2.windows-amd64/src/net/http/server.go:2092"}
{"level":"\u001b[34mINFO\u001b[0m","time":"2025-02-28T16:37:27.799+0300","caller":"mini-app/main.go:45","message":"PostgresURI: ","uri":"postgres://pasha:pasha@localhost:5449/mini_app_db?sslmode=disable"}
{"level":"\u001b[34mINFO\u001b[0m","time":"2025-02-28T16:37:27.815+0300","caller":"mini-app/main.go:46","message":"MigrationsDir: ","dir":"../../database/postgresql/migrations"}
{"level":"\u001b[34mINFO\u001b[0m","time":"2025-02-28T16:37:30.862+0300","caller":"mini-app/main.go:72","message":"Database manage was process successfully"}
{"level":"\u001b[34mINFO\u001b[0m","time":"2025-02-28T16:37:31.010+0300","caller":"bot/bot.go:23","message":"bot was inizializated with api key 8071867487:AAH1c8_uLZOXqLUgAJ9orKGQRtjc04y3Okk"}
{"level":"\u001b[34mINFO\u001b[0m","time":"2025-02-28T16:37:31.010+0300","caller":"bot/bot.go:35","message":"Start listening for tg messages"}
{"level":"\u001b[31mERROR\u001b[0m","time":"2025-02-28T16:37:31.024+0300","caller":"handler/handler.go:40","message":"server http handler request","stacktrace":"github.com/pskoob/miniappBack/internal/api/server/restapi/handler.New\n\tc:/Users/Максим/Downloads/Strangerthings/mini-app/miniappBack/internal/api/server/restapi/handler/handler.go:40\nmain.main\n\tc:/Users/Максим/Downloads/Strangerthings/mini-app/miniappBack/cmd/mini-app/main.go:83\nruntime.main\n\tC:/Users/Максим/go/pkg/mod/golang.org/toolchain@v0.0.1-go1.23.2.windows-amd64/src/runtime/proc.go:272"}
{"level":"\u001b[34mINFO\u001b[0m","time":"2025-02-28T16:37:35.089+0300","caller":"handler/handler.go:55","message":"Received HTTP request","method":"GET","path":"/get_user_progress/628225666"}
{"level":"\u001b[34mINFO\u001b[0m","time":"2025-02-28T16:37:35.090+0300","caller":"handler/handler.go:63","message":"h.router is not nil, processing request"}
{"level":"\u001b[34mINFO\u001b[0m","time":"2025-02-28T16:37:35.090+0300","caller":"handler/save_progress.go:27","message":"get user progress request"}
{"level":"\u001b[34mINFO\u001b[0m","time":"2025-02-28T16:38:08.241+0300","caller":"handler/handler.go:55","message":"Received HTTP request","method":"POST","path":"/save_progress"}
{"level":"\u001b[34mINFO\u001b[0m","time":"2025-02-28T16:38:08.241+0300","caller":"handler/handler.go:63","message":"h.router is not nil, processing request"}
{"level":"\u001b[34mINFO\u001b[0m","time":"2025-02-28T16:38:08.241+0300","caller":"handler/save_progress.go:12","message":"save progress request"}
